<?xml version="1.0" encoding="UTF-8"?>
<coverage generated="1737373854549" clover="3.2.0">
  <project timestamp="1737373854549" name="All files">
    <metrics statements="101" coveredstatements="96" conditionals="59" coveredconditionals="50" methods="40" coveredmethods="39" elements="200" coveredelements="185" complexity="0" loc="101" ncloc="101" packages="1" files="1" classes="1"/>
    <file name="unitTestingTask.js" path="C:\Users\rmahadevan\Documents\development-plan\unit-testing\date-master\unitTestingTask.js">
      <metrics statements="101" coveredstatements="96" conditionals="59" coveredconditionals="50" methods="40" coveredmethods="39"/>
      <line num="1" count="2" type="stmt"/>
      <line num="2" count="2" type="cond" truecount="2" falsecount="2"/>
      <line num="3" count="0" type="stmt"/>
      <line num="4" count="0" type="stmt"/>
      <line num="6" count="2" type="cond" truecount="1" falsecount="1"/>
      <line num="7" count="2" type="stmt"/>
      <line num="9" count="0" type="stmt"/>
      <line num="24" count="64" type="stmt"/>
      <line num="25" count="64" type="cond" truecount="2" falsecount="0"/>
      <line num="27" count="64" type="cond" truecount="1" falsecount="1"/>
      <line num="28" count="0" type="stmt"/>
      <line num="32" count="64" type="stmt"/>
      <line num="34" count="64" type="stmt"/>
      <line num="37" count="2" type="cond" truecount="2" falsecount="0"/>
      <line num="39" count="2" type="stmt"/>
      <line num="41" count="14" type="stmt"/>
      <line num="44" count="2" type="stmt"/>
      <line num="47" count="2" type="stmt"/>
      <line num="50" count="2" type="stmt"/>
      <line num="53" count="10" type="stmt"/>
      <line num="56" count="2" type="stmt"/>
      <line num="59" count="2" type="stmt"/>
      <line num="62" count="2" type="stmt"/>
      <line num="65" count="2" type="stmt"/>
      <line num="68" count="10" type="stmt"/>
      <line num="71" count="4" type="stmt"/>
      <line num="74" count="2" type="stmt"/>
      <line num="77" count="2" type="stmt"/>
      <line num="80" count="8" type="cond" truecount="1" falsecount="1"/>
      <line num="83" count="2" type="cond" truecount="1" falsecount="1"/>
      <line num="86" count="8" type="stmt"/>
      <line num="89" count="2" type="stmt"/>
      <line num="92" count="8" type="stmt"/>
      <line num="95" count="2" type="stmt"/>
      <line num="98" count="2" type="stmt"/>
      <line num="101" count="2" type="stmt"/>
      <line num="104" count="4" type="stmt"/>
      <line num="107" count="4" type="stmt"/>
      <line num="110" count="7" type="stmt"/>
      <line num="111" count="7" type="stmt"/>
      <line num="112" count="7" type="stmt"/>
      <line num="113" count="7" type="cond" truecount="1" falsecount="1"/>
      <line num="115" count="7" type="cond" truecount="2" falsecount="0"/>
      <line num="117" count="7" type="stmt"/>
      <line num="120" count="4" type="stmt"/>
      <line num="124" count="2" type="stmt"/>
      <line num="125" count="2" type="stmt"/>
      <line num="126" count="50" type="cond" truecount="1" falsecount="1"/>
      <line num="127" count="50" type="stmt"/>
      <line num="130" count="2" type="stmt"/>
      <line num="171" count="87" type="cond" truecount="4" falsecount="0"/>
      <line num="172" count="2" type="stmt"/>
      <line num="175" count="85" type="cond" truecount="6" falsecount="0"/>
      <line num="176" count="2" type="stmt"/>
      <line num="179" count="83" type="cond" truecount="6" falsecount="0"/>
      <line num="181" count="83" type="stmt"/>
      <line num="183" count="83" type="cond" truecount="2" falsecount="0"/>
      <line num="184" count="10" type="stmt"/>
      <line num="186" count="73" type="stmt"/>
      <line num="187" count="105" type="stmt"/>
      <line num="197" count="2" type="stmt"/>
      <line num="207" count="2" type="stmt"/>
      <line num="208" count="43" type="cond" truecount="2" falsecount="0"/>
      <line num="209" count="32" type="stmt"/>
      <line num="212" count="11" type="cond" truecount="2" falsecount="0"/>
      <line num="213" count="6" type="cond" truecount="4" falsecount="0"/>
      <line num="214" count="3" type="stmt"/>
      <line num="215" count="3" type="cond" truecount="1" falsecount="1"/>
      <line num="216" count="3" type="stmt"/>
      <line num="217" count="3" type="stmt"/>
      <line num="218" count="0" type="stmt"/>
      <line num="220" count="3" type="stmt"/>
      <line num="223" count="3" type="stmt"/>
      <line num="226" count="5" type="stmt"/>
      <line num="227" count="5" type="stmt"/>
      <line num="228" count="5" type="stmt"/>
      <line num="232" count="2" type="stmt"/>
      <line num="235" count="2" type="stmt"/>
      <line num="239" count="2" type="stmt"/>
      <line num="245" count="8" type="cond" truecount="2" falsecount="0"/>
      <line num="246" count="4" type="cond" truecount="2" falsecount="0"/>
      <line num="248" count="4" type="cond" truecount="2" falsecount="0"/>
      <line num="258" count="2" type="stmt"/>
      <line num="259" count="10" type="stmt"/>
      <line num="260" count="10" type="cond" truecount="3" falsecount="0"/>
      <line num="261" count="10" type="stmt"/>
      <line num="270" count="2" type="stmt"/>
      <line num="290" count="2" type="stmt"/>
      <line num="291" count="10" type="stmt"/>
      <line num="292" count="10" type="stmt"/>
      <line num="300" count="2" type="stmt"/>
      <line num="301" count="1" type="stmt"/>
      <line num="305" count="2" type="stmt"/>
      <line num="306" count="2" type="stmt"/>
      <line num="307" count="2" type="stmt"/>
      <line num="308" count="2" type="stmt"/>
      <line num="311" count="2" type="stmt"/>
      <line num="318" count="2" type="stmt"/>
      <line num="319" count="2" type="stmt"/>
      <line num="320" count="2" type="stmt"/>
      <line num="323" count="2" type="stmt"/>
    </file>
  </project>
</coverage>
